<?xml version="1.0" encoding="UTF-8"?>
<testsuite name="org.example.integration.EventServiceSociableTest" tests="1" skipped="0" failures="0" errors="0" timestamp="2022-11-05T12:12:08" hostname="LAPTOP-VJB7E4II" time="0.003">
  <properties/>
  <testcase name="검색 조건없이 이벤트 검색하면 전체 결과를 출력해서 보내줌" classname="org.example.integration.EventServiceSociableTest" time="0.003"/>
  <system-out><![CDATA[2022-11-05 21:12:07.455  INFO 17924 --- [    Test worker] .b.t.c.SpringBootTestContextBootstrapper : Neither @ContextConfiguration nor @ContextHierarchy found for test class [org.example.integration.EventServiceSociableTest], using SpringBootContextLoader
2022-11-05 21:12:07.455  INFO 17924 --- [    Test worker] o.s.t.c.support.AbstractContextLoader    : Could not detect default resource locations for test class [org.example.integration.EventServiceSociableTest]: no resource found for suffixes {-context.xml, Context.groovy}.
2022-11-05 21:12:07.455  INFO 17924 --- [    Test worker] t.c.s.AnnotationConfigContextLoaderUtils : Could not detect default configuration classes for test class [org.example.integration.EventServiceSociableTest]: EventServiceSociableTest does not declare any static, non-private, non-final, nested classes annotated with @Configuration.
2022-11-05 21:12:07.457  INFO 17924 --- [    Test worker] .b.t.c.SpringBootTestContextBootstrapper : Found @SpringBootConfiguration org.example.Main for test class org.example.integration.EventServiceSociableTest
2022-11-05 21:12:07.459  INFO 17924 --- [    Test worker] .b.t.c.SpringBootTestContextBootstrapper : Loaded default TestExecutionListener class names from location [META-INF/spring.factories]: [org.springframework.boot.test.autoconfigure.restdocs.RestDocsTestExecutionListener, org.springframework.boot.test.autoconfigure.web.client.MockRestServiceServerResetTestExecutionListener, org.springframework.boot.test.autoconfigure.web.servlet.MockMvcPrintOnlyOnFailureTestExecutionListener, org.springframework.boot.test.autoconfigure.web.servlet.WebDriverTestExecutionListener, org.springframework.boot.test.autoconfigure.webservices.client.MockWebServiceServerTestExecutionListener, org.springframework.boot.test.mock.mockito.MockitoTestExecutionListener, org.springframework.boot.test.mock.mockito.ResetMocksTestExecutionListener, org.springframework.test.context.web.ServletTestExecutionListener, org.springframework.test.context.support.DirtiesContextBeforeModesTestExecutionListener, org.springframework.test.context.event.ApplicationEventsTestExecutionListener, org.springframework.test.context.support.DependencyInjectionTestExecutionListener, org.springframework.test.context.support.DirtiesContextTestExecutionListener, org.springframework.test.context.transaction.TransactionalTestExecutionListener, org.springframework.test.context.jdbc.SqlScriptsTestExecutionListener, org.springframework.test.context.event.EventPublishingTestExecutionListener]
2022-11-05 21:12:07.459  INFO 17924 --- [    Test worker] .b.t.c.SpringBootTestContextBootstrapper : Using TestExecutionListeners: [org.springframework.test.context.web.ServletTestExecutionListener@6f9e6a85, org.springframework.test.context.support.DirtiesContextBeforeModesTestExecutionListener@2e17a9e6, org.springframework.test.context.event.ApplicationEventsTestExecutionListener@6a1b4854, org.springframework.boot.test.mock.mockito.MockitoTestExecutionListener@6a175162, org.springframework.boot.test.autoconfigure.SpringBootDependencyInjectionTestExecutionListener@7641c4e7, org.springframework.test.context.support.DirtiesContextTestExecutionListener@650a0b50, org.springframework.test.context.event.EventPublishingTestExecutionListener@55e3b64d, org.springframework.boot.test.autoconfigure.restdocs.RestDocsTestExecutionListener@52f71d2, org.springframework.boot.test.autoconfigure.web.client.MockRestServiceServerResetTestExecutionListener@7d31fb6c, org.springframework.boot.test.autoconfigure.web.servlet.MockMvcPrintOnlyOnFailureTestExecutionListener@48543f11, org.springframework.boot.test.autoconfigure.web.servlet.WebDriverTestExecutionListener@cda988, org.springframework.boot.test.autoconfigure.webservices.client.MockWebServiceServerTestExecutionListener@7e92e9a2, org.springframework.boot.test.mock.mockito.ResetMocksTestExecutionListener@c0a8787]
                  ___           ___           ___           ___
      ___        /__/\         /__/\         /__/\         /  /\
     /__/|       \  \:\        \  \:\        \  \:\       /  /::\
    |  |:|        \  \:\        \  \:\        \__\:\     /  /:/\:\
    |  |:|    ___  \  \:\   _____\__\:\   ___ /  /::\   /  /:/  \:\
  __|__|:|   /__/\  \__\:\ /__/::::::::\ /__/\  /:/\:\ /__/:/ \__\:\
 /__/::::\   \  \:\ /  /:/ \  \:\~~\~~\/ \  \:\/:/__\/ \  \:\ /  /:/
    ~\~~\:\   \  \:\  /:/   \  \:\  ~~~   \  \::/       \  \:\  /:/
      \  \:\   \  \:\/:/     \  \:\        \  \:\        \  \:\/:/
       \__\/    \  \::/       \  \:\        \  \:\        \  \::/
                 \__\/         \__\/         \__\/         \__\/
2022-11-05 21:12:07.477  INFO 17924 --- [    Test worker] o.e.i.EventServiceSociableTest           : Starting EventServiceSociableTest using Java 17.0.5 on LAPTOP-VJB7E4II with PID 17924 (started by yunho in C:\Users\yunho\Desktop\java-spring\covid)
2022-11-05 21:12:07.477  INFO 17924 --- [    Test worker] o.e.i.EventServiceSociableTest           : No active profile set, falling back to 1 default profile: "default"
2022-11-05 21:12:07.837  INFO 17924 --- [    Test worker] o.s.b.a.w.s.WelcomePageHandlerMapping    : Adding welcome page template: index
2022-11-05 21:12:08.018  INFO 17924 --- [    Test worker] o.s.b.a.e.web.EndpointLinksResolver      : Exposing 1 endpoint(s) beneath base path '/actuator'
2022-11-05 21:12:08.039  INFO 17924 --- [    Test worker] o.e.i.EventServiceSociableTest           : Started EventServiceSociableTest in 0.578 seconds (JVM running for 7.057)
]]></system-out>
  <system-err><![CDATA[]]></system-err>
</testsuite>
