<?xml version="1.0" encoding="UTF-8"?>
<testsuite name="org.example.controller.error.APIExceptionHandlerTest" tests="3" skipped="0" failures="0" errors="0" timestamp="2022-11-13T08:17:07" hostname="LAPTOP-VJB7E4II" time="0.063">
  <properties/>
  <testcase name="프로젝트 일반 오류 - 응답 데이터 정의" classname="org.example.controller.error.APIExceptionHandlerTest" time="0.059"/>
  <testcase name="검증 오류 - 응답 데이터 정의" classname="org.example.controller.error.APIExceptionHandlerTest" time="0.001"/>
  <testcase name="프로젝트 전체 기타 오류 - 응답 데이터 정의" classname="org.example.controller.error.APIExceptionHandlerTest" time="0.001"/>
  <system-out><![CDATA[]]></system-out>
  <system-err><![CDATA[]]></system-err>
</testsuite>
