<?xml version="1.0" encoding="UTF-8"?>
<testsuite name="org.example.controller.api.APIEventControllerTest" tests="8" skipped="0" failures="0" errors="0" timestamp="2022-11-05T12:12:04" hostname="LAPTOP-VJB7E4II" time="0.389">
  <properties/>
  <testcase name="[API][GET] 이벤트 리스트 조회" classname="org.example.controller.api.APIEventControllerTest" time="0.248"/>
  <testcase name="[API][POST] 이벤트 생성 - 잘못된 데이터 입력" classname="org.example.controller.api.APIEventControllerTest" time="0.089"/>
  <testcase name="[API][PUT] 이벤트 변경" classname="org.example.controller.api.APIEventControllerTest" time="0.005"/>
  <testcase name="[API][GET] 단일 이벤트 조회 - 이벤트 있는 경우, 이벤트 데이터를 담은 표준 API 출력" classname="org.example.controller.api.APIEventControllerTest" time="0.008"/>
  <testcase name="[API][DELETE] 이벤트 삭제" classname="org.example.controller.api.APIEventControllerTest" time="0.005"/>
  <testcase name="[API][POST] 이벤트 생성" classname="org.example.controller.api.APIEventControllerTest" time="0.008"/>
  <testcase name="[API][GET] 단일 이벤트 조회 - 이벤트 없는 경우, 빈 표준 API 출력" classname="org.example.controller.api.APIEventControllerTest" time="0.005"/>
  <testcase name="[API][GET] 이벤트 리스트 조회 + 잘못된 검색 파라미터" classname="org.example.controller.api.APIEventControllerTest" time="0.008"/>
  <system-out><![CDATA[2022-11-05 21:12:04.498  INFO 17924 --- [    Test worker] .b.t.a.w.s.WebMvcTestContextBootstrapper : Neither @ContextConfiguration nor @ContextHierarchy found for test class [org.example.controller.api.APIEventControllerTest], using SpringBootContextLoader
2022-11-05 21:12:04.499  INFO 17924 --- [    Test worker] o.s.t.c.support.AbstractContextLoader    : Could not detect default resource locations for test class [org.example.controller.api.APIEventControllerTest]: no resource found for suffixes {-context.xml, Context.groovy}.
2022-11-05 21:12:04.499  INFO 17924 --- [    Test worker] t.c.s.AnnotationConfigContextLoaderUtils : Could not detect default configuration classes for test class [org.example.controller.api.APIEventControllerTest]: APIEventControllerTest does not declare any static, non-private, non-final, nested classes annotated with @Configuration.
2022-11-05 21:12:04.513  INFO 17924 --- [    Test worker] .b.t.c.SpringBootTestContextBootstrapper : Found @SpringBootConfiguration org.example.Main for test class org.example.controller.api.APIEventControllerTest
2022-11-05 21:12:04.513  INFO 17924 --- [    Test worker] .b.t.a.w.s.WebMvcTestContextBootstrapper : Loaded default TestExecutionListener class names from location [META-INF/spring.factories]: [org.springframework.boot.test.autoconfigure.restdocs.RestDocsTestExecutionListener, org.springframework.boot.test.autoconfigure.web.client.MockRestServiceServerResetTestExecutionListener, org.springframework.boot.test.autoconfigure.web.servlet.MockMvcPrintOnlyOnFailureTestExecutionListener, org.springframework.boot.test.autoconfigure.web.servlet.WebDriverTestExecutionListener, org.springframework.boot.test.autoconfigure.webservices.client.MockWebServiceServerTestExecutionListener, org.springframework.boot.test.mock.mockito.MockitoTestExecutionListener, org.springframework.boot.test.mock.mockito.ResetMocksTestExecutionListener, org.springframework.test.context.web.ServletTestExecutionListener, org.springframework.test.context.support.DirtiesContextBeforeModesTestExecutionListener, org.springframework.test.context.event.ApplicationEventsTestExecutionListener, org.springframework.test.context.support.DependencyInjectionTestExecutionListener, org.springframework.test.context.support.DirtiesContextTestExecutionListener, org.springframework.test.context.transaction.TransactionalTestExecutionListener, org.springframework.test.context.jdbc.SqlScriptsTestExecutionListener, org.springframework.test.context.event.EventPublishingTestExecutionListener]
2022-11-05 21:12:04.514  INFO 17924 --- [    Test worker] .b.t.a.w.s.WebMvcTestContextBootstrapper : Using TestExecutionListeners: [org.springframework.test.context.web.ServletTestExecutionListener@43756cb, org.springframework.test.context.support.DirtiesContextBeforeModesTestExecutionListener@4272d8cf, org.springframework.test.context.event.ApplicationEventsTestExecutionListener@4e96cb04, org.springframework.boot.test.mock.mockito.MockitoTestExecutionListener@70ecf57b, org.springframework.boot.test.autoconfigure.SpringBootDependencyInjectionTestExecutionListener@4e5364a3, org.springframework.test.context.support.DirtiesContextTestExecutionListener@1a336906, org.springframework.test.context.event.EventPublishingTestExecutionListener@62054faf, org.springframework.boot.test.autoconfigure.restdocs.RestDocsTestExecutionListener@75d539b9, org.springframework.boot.test.autoconfigure.web.client.MockRestServiceServerResetTestExecutionListener@20f63ddc, org.springframework.boot.test.autoconfigure.web.servlet.MockMvcPrintOnlyOnFailureTestExecutionListener@210c1b9d, org.springframework.boot.test.autoconfigure.web.servlet.WebDriverTestExecutionListener@69bc4024, org.springframework.boot.test.autoconfigure.webservices.client.MockWebServiceServerTestExecutionListener@3578a45b, org.springframework.boot.test.mock.mockito.ResetMocksTestExecutionListener@24f177f5]
                  ___           ___           ___           ___
      ___        /__/\         /__/\         /__/\         /  /\
     /__/|       \  \:\        \  \:\        \  \:\       /  /::\
    |  |:|        \  \:\        \  \:\        \__\:\     /  /:/\:\
    |  |:|    ___  \  \:\   _____\__\:\   ___ /  /::\   /  /:/  \:\
  __|__|:|   /__/\  \__\:\ /__/::::::::\ /__/\  /:/\:\ /__/:/ \__\:\
 /__/::::\   \  \:\ /  /:/ \  \:\~~\~~\/ \  \:\/:/__\/ \  \:\ /  /:/
    ~\~~\:\   \  \:\  /:/   \  \:\  ~~~   \  \::/       \  \:\  /:/
      \  \:\   \  \:\/:/     \  \:\        \  \:\        \  \:\/:/
       \__\/    \  \::/       \  \:\        \  \:\        \  \::/
                 \__\/         \__\/         \__\/         \__\/
2022-11-05 21:12:04.537  INFO 17924 --- [    Test worker] o.e.c.api.APIEventControllerTest         : Starting APIEventControllerTest using Java 17.0.5 on LAPTOP-VJB7E4II with PID 17924 (started by yunho in C:\Users\yunho\Desktop\java-spring\covid)
2022-11-05 21:12:04.537  INFO 17924 --- [    Test worker] o.e.c.api.APIEventControllerTest         : No active profile set, falling back to 1 default profile: "default"
2022-11-05 21:12:04.863  INFO 17924 --- [    Test worker] o.s.b.a.w.s.WelcomePageHandlerMapping    : Adding welcome page template: index
2022-11-05 21:12:04.969  INFO 17924 --- [    Test worker] o.s.b.t.m.w.SpringBootMockServletContext : Initializing Spring TestDispatcherServlet ''
2022-11-05 21:12:04.969  INFO 17924 --- [    Test worker] o.s.t.web.servlet.TestDispatcherServlet  : Initializing Servlet ''
2022-11-05 21:12:04.970  INFO 17924 --- [    Test worker] o.s.t.web.servlet.TestDispatcherServlet  : Completed initialization in 1 ms
2022-11-05 21:12:04.980  INFO 17924 --- [    Test worker] o.e.c.api.APIEventControllerTest         : Started APIEventControllerTest in 0.463 seconds (JVM running for 3.997)
]]></system-out>
  <system-err><![CDATA[]]></system-err>
</testsuite>
