<?xml version="1.0" encoding="UTF-8"?>
<testsuite name="org.example.controller.api.APIPlaceControllerTest" tests="3" skipped="0" failures="0" errors="0" timestamp="2022-11-13T08:17:07" hostname="LAPTOP-VJB7E4II" time="0.091">
  <properties/>
  <testcase name="단일 장소 조회 - 없는" classname="org.example.controller.api.APIPlaceControllerTest" time="0.022"/>
  <testcase name="단일 장소 조회 - 있는경우" classname="org.example.controller.api.APIPlaceControllerTest" time="0.036"/>
  <testcase name="placeTest()" classname="org.example.controller.api.APIPlaceControllerTest" time="0.029"/>
  <system-out><![CDATA[2022-11-13 17:17:06.527  INFO 13760 --- [    Test worker] .b.t.a.w.s.WebMvcTestContextBootstrapper : Neither @ContextConfiguration nor @ContextHierarchy found for test class [org.example.controller.api.APIPlaceControllerTest], using SpringBootContextLoader
2022-11-13 17:17:06.529  INFO 13760 --- [    Test worker] o.s.t.c.support.AbstractContextLoader    : Could not detect default resource locations for test class [org.example.controller.api.APIPlaceControllerTest]: no resource found for suffixes {-context.xml, Context.groovy}.
2022-11-13 17:17:06.530  INFO 13760 --- [    Test worker] t.c.s.AnnotationConfigContextLoaderUtils : Could not detect default configuration classes for test class [org.example.controller.api.APIPlaceControllerTest]: APIPlaceControllerTest does not declare any static, non-private, non-final, nested classes annotated with @Configuration.
2022-11-13 17:17:06.546  INFO 13760 --- [    Test worker] .b.t.c.SpringBootTestContextBootstrapper : Found @SpringBootConfiguration org.example.Main for test class org.example.controller.api.APIPlaceControllerTest
2022-11-13 17:17:06.547  INFO 13760 --- [    Test worker] .b.t.a.w.s.WebMvcTestContextBootstrapper : Loaded default TestExecutionListener class names from location [META-INF/spring.factories]: [org.springframework.boot.test.autoconfigure.restdocs.RestDocsTestExecutionListener, org.springframework.boot.test.autoconfigure.web.client.MockRestServiceServerResetTestExecutionListener, org.springframework.boot.test.autoconfigure.web.servlet.MockMvcPrintOnlyOnFailureTestExecutionListener, org.springframework.boot.test.autoconfigure.web.servlet.WebDriverTestExecutionListener, org.springframework.boot.test.autoconfigure.webservices.client.MockWebServiceServerTestExecutionListener, org.springframework.boot.test.mock.mockito.MockitoTestExecutionListener, org.springframework.boot.test.mock.mockito.ResetMocksTestExecutionListener, org.springframework.test.context.web.ServletTestExecutionListener, org.springframework.test.context.support.DirtiesContextBeforeModesTestExecutionListener, org.springframework.test.context.event.ApplicationEventsTestExecutionListener, org.springframework.test.context.support.DependencyInjectionTestExecutionListener, org.springframework.test.context.support.DirtiesContextTestExecutionListener, org.springframework.test.context.transaction.TransactionalTestExecutionListener, org.springframework.test.context.jdbc.SqlScriptsTestExecutionListener, org.springframework.test.context.event.EventPublishingTestExecutionListener]
2022-11-13 17:17:06.548  INFO 13760 --- [    Test worker] .b.t.a.w.s.WebMvcTestContextBootstrapper : Using TestExecutionListeners: [org.springframework.test.context.web.ServletTestExecutionListener@e88e14, org.springframework.test.context.support.DirtiesContextBeforeModesTestExecutionListener@c157abf, org.springframework.test.context.event.ApplicationEventsTestExecutionListener@472dbaf5, org.springframework.boot.test.mock.mockito.MockitoTestExecutionListener@25c4f621, org.springframework.boot.test.autoconfigure.SpringBootDependencyInjectionTestExecutionListener@619854a3, org.springframework.test.context.support.DirtiesContextTestExecutionListener@46ff1aad, org.springframework.test.context.transaction.TransactionalTestExecutionListener@6c2fea95, org.springframework.test.context.jdbc.SqlScriptsTestExecutionListener@6ed87ccf, org.springframework.test.context.event.EventPublishingTestExecutionListener@4d4600fb, org.springframework.boot.test.autoconfigure.restdocs.RestDocsTestExecutionListener@7352418c, org.springframework.boot.test.autoconfigure.web.client.MockRestServiceServerResetTestExecutionListener@60ba6631, org.springframework.boot.test.autoconfigure.web.servlet.MockMvcPrintOnlyOnFailureTestExecutionListener@4d2950ed, org.springframework.boot.test.autoconfigure.web.servlet.WebDriverTestExecutionListener@3095d06b, org.springframework.boot.test.autoconfigure.webservices.client.MockWebServiceServerTestExecutionListener@51aaa9d4, org.springframework.boot.test.mock.mockito.ResetMocksTestExecutionListener@6292c63e]
                  ___           ___           ___           ___
      ___        /__/\         /__/\         /__/\         /  /\
     /__/|       \  \:\        \  \:\        \  \:\       /  /::\
    |  |:|        \  \:\        \  \:\        \__\:\     /  /:/\:\
    |  |:|    ___  \  \:\   _____\__\:\   ___ /  /::\   /  /:/  \:\
  __|__|:|   /__/\  \__\:\ /__/::::::::\ /__/\  /:/\:\ /__/:/ \__\:\
 /__/::::\   \  \:\ /  /:/ \  \:\~~\~~\/ \  \:\/:/__\/ \  \:\ /  /:/
    ~\~~\:\   \  \:\  /:/   \  \:\  ~~~   \  \::/       \  \:\  /:/
      \  \:\   \  \:\/:/     \  \:\        \  \:\        \  \:\/:/
       \__\/    \  \::/       \  \:\        \  \:\        \  \::/
                 \__\/         \__\/         \__\/         \__\/
2022-11-13 17:17:06.624  INFO 13760 --- [    Test worker] o.e.c.api.APIPlaceControllerTest         : Starting APIPlaceControllerTest using Java 17.0.5 on LAPTOP-VJB7E4II with PID 13760 (started by yunho in C:\Users\yunho\Desktop\java-spring\covid)
2022-11-13 17:17:06.626 DEBUG 13760 --- [    Test worker] o.e.c.api.APIPlaceControllerTest         : Running with Spring Boot v2.7.5, Spring v5.3.23
2022-11-13 17:17:06.627  INFO 13760 --- [    Test worker] o.e.c.api.APIPlaceControllerTest         : No active profile set, falling back to 1 default profile: "default"
2022-11-13 17:17:07.222  INFO 13760 --- [    Test worker] o.s.b.a.w.s.WelcomePageHandlerMapping    : Adding welcome page template: index
2022-11-13 17:17:07.444  INFO 13760 --- [    Test worker] o.s.b.t.m.w.SpringBootMockServletContext : Initializing Spring TestDispatcherServlet ''
2022-11-13 17:17:07.444  INFO 13760 --- [    Test worker] o.s.t.web.servlet.TestDispatcherServlet  : Initializing Servlet ''
2022-11-13 17:17:07.445  INFO 13760 --- [    Test worker] o.s.t.web.servlet.TestDispatcherServlet  : Completed initialization in 1 ms
2022-11-13 17:17:07.463  INFO 13760 --- [    Test worker] o.e.c.api.APIPlaceControllerTest         : Started APIPlaceControllerTest in 0.91 seconds (JVM running for 9.917)

MockHttpServletRequest:
      HTTP Method = GET
      Request URI = /api/places/2
       Parameters = {}
          Headers = []
             Body = null
    Session Attrs = {}

Handler:
             Type = org.example.controller.api.APIPlaceController
           Method = org.example.controller.api.APIPlaceController#getPlace(Integer)

Async:
    Async started = false
     Async result = null

Resolved Exception:
             Type = null

ModelAndView:
        View name = null
             View = null
            Model = null

FlashMap:
       Attributes = null

MockHttpServletResponse:
           Status = 200
    Error message = null
          Headers = [Content-Type:"application/json"]
     Content type = application/json
             Body = {"success":true,"errorCode":0,"message":"ok","data":null}
    Forwarded URL = null
   Redirected URL = null
          Cookies = []

MockHttpServletRequest:
      HTTP Method = GET
      Request URI = /api/places/1
       Parameters = {}
          Headers = []
             Body = null
    Session Attrs = {}

Handler:
             Type = org.example.controller.api.APIPlaceController
           Method = org.example.controller.api.APIPlaceController#getPlace(Integer)

Async:
    Async started = false
     Async result = null

Resolved Exception:
             Type = null

ModelAndView:
        View name = null
             View = null
            Model = null

FlashMap:
       Attributes = null

MockHttpServletResponse:
           Status = 200
    Error message = null
          Headers = [Content-Type:"application/json"]
     Content type = application/json
             Body = {"success":true,"errorCode":0,"message":"ok","data":{"placeType":"COMMON","placeName":"빵집","address":"행복로","phoneNumber":"010-3213-3131","capacity":10,"meno":"신장개업"}}
    Forwarded URL = null
   Redirected URL = null
          Cookies = []

MockHttpServletRequest:
      HTTP Method = GET
      Request URI = /api/places
       Parameters = {}
          Headers = []
             Body = null
    Session Attrs = {}

Handler:
             Type = org.example.controller.api.APIPlaceController
           Method = org.example.controller.api.APIPlaceController#getPlaces()

Async:
    Async started = false
     Async result = null

Resolved Exception:
             Type = null

ModelAndView:
        View name = null
             View = null
            Model = null

FlashMap:
       Attributes = null

MockHttpServletResponse:
           Status = 200
    Error message = null
          Headers = [Content-Type:"application/json"]
     Content type = application/json
             Body = {"success":true,"errorCode":0,"message":"ok","data":[{"placeType":"COMMON","placeName":"빵집","address":"행복로","phoneNumber":"010-3213-3131","capacity":10,"meno":"신장개업"}]}
    Forwarded URL = null
   Redirected URL = null
          Cookies = []
]]></system-out>
  <system-err><![CDATA[]]></system-err>
</testsuite>
