<?xml version="1.0" encoding="UTF-8"?>
<testsuite name="org.example.integration.APIEventIntegrationTest" tests="1" skipped="0" failures="0" errors="0" timestamp="2022-11-13T08:17:17" hostname="LAPTOP-VJB7E4II" time="0.071">
  <properties/>
  <testcase name="test()" classname="org.example.integration.APIEventIntegrationTest" time="0.071"/>
  <system-out><![CDATA[2022-11-13 17:17:09.100  INFO 13760 --- [    Test worker] .b.t.c.SpringBootTestContextBootstrapper : Neither @ContextConfiguration nor @ContextHierarchy found for test class [org.example.integration.APIEventIntegrationTest], using SpringBootContextLoader
2022-11-13 17:17:09.104  INFO 13760 --- [    Test worker] o.s.t.c.support.AbstractContextLoader    : Could not detect default resource locations for test class [org.example.integration.APIEventIntegrationTest]: no resource found for suffixes {-context.xml, Context.groovy}.
2022-11-13 17:17:09.105  INFO 13760 --- [    Test worker] t.c.s.AnnotationConfigContextLoaderUtils : Could not detect default configuration classes for test class [org.example.integration.APIEventIntegrationTest]: APIEventIntegrationTest does not declare any static, non-private, non-final, nested classes annotated with @Configuration.
2022-11-13 17:17:09.124  INFO 13760 --- [    Test worker] .b.t.c.SpringBootTestContextBootstrapper : Found @SpringBootConfiguration org.example.Main for test class org.example.integration.APIEventIntegrationTest
2022-11-13 17:17:09.131  INFO 13760 --- [    Test worker] .b.t.c.SpringBootTestContextBootstrapper : Loaded default TestExecutionListener class names from location [META-INF/spring.factories]: [org.springframework.boot.test.autoconfigure.restdocs.RestDocsTestExecutionListener, org.springframework.boot.test.autoconfigure.web.client.MockRestServiceServerResetTestExecutionListener, org.springframework.boot.test.autoconfigure.web.servlet.MockMvcPrintOnlyOnFailureTestExecutionListener, org.springframework.boot.test.autoconfigure.web.servlet.WebDriverTestExecutionListener, org.springframework.boot.test.autoconfigure.webservices.client.MockWebServiceServerTestExecutionListener, org.springframework.boot.test.mock.mockito.MockitoTestExecutionListener, org.springframework.boot.test.mock.mockito.ResetMocksTestExecutionListener, org.springframework.test.context.web.ServletTestExecutionListener, org.springframework.test.context.support.DirtiesContextBeforeModesTestExecutionListener, org.springframework.test.context.event.ApplicationEventsTestExecutionListener, org.springframework.test.context.support.DependencyInjectionTestExecutionListener, org.springframework.test.context.support.DirtiesContextTestExecutionListener, org.springframework.test.context.transaction.TransactionalTestExecutionListener, org.springframework.test.context.jdbc.SqlScriptsTestExecutionListener, org.springframework.test.context.event.EventPublishingTestExecutionListener]
2022-11-13 17:17:09.132  INFO 13760 --- [    Test worker] .b.t.c.SpringBootTestContextBootstrapper : Using TestExecutionListeners: [org.springframework.test.context.web.ServletTestExecutionListener@3123ba75, org.springframework.test.context.support.DirtiesContextBeforeModesTestExecutionListener@3d8e1fa6, org.springframework.test.context.event.ApplicationEventsTestExecutionListener@4587f0f9, org.springframework.boot.test.mock.mockito.MockitoTestExecutionListener@22a22f1, org.springframework.boot.test.autoconfigure.SpringBootDependencyInjectionTestExecutionListener@2e76d0d3, org.springframework.test.context.support.DirtiesContextTestExecutionListener@63c88994, org.springframework.test.context.transaction.TransactionalTestExecutionListener@1932ad2c, org.springframework.test.context.jdbc.SqlScriptsTestExecutionListener@4adc3951, org.springframework.test.context.event.EventPublishingTestExecutionListener@52b49891, org.springframework.boot.test.autoconfigure.restdocs.RestDocsTestExecutionListener@75973f7a, org.springframework.boot.test.autoconfigure.web.client.MockRestServiceServerResetTestExecutionListener@7940b729, org.springframework.boot.test.autoconfigure.web.servlet.MockMvcPrintOnlyOnFailureTestExecutionListener@527d1fe1, org.springframework.boot.test.autoconfigure.web.servlet.WebDriverTestExecutionListener@24fb752f, org.springframework.boot.test.autoconfigure.webservices.client.MockWebServiceServerTestExecutionListener@68dbe225, org.springframework.boot.test.mock.mockito.ResetMocksTestExecutionListener@145ef9e8]
                  ___           ___           ___           ___
      ___        /__/\         /__/\         /__/\         /  /\
     /__/|       \  \:\        \  \:\        \  \:\       /  /::\
    |  |:|        \  \:\        \  \:\        \__\:\     /  /:/\:\
    |  |:|    ___  \  \:\   _____\__\:\   ___ /  /::\   /  /:/  \:\
  __|__|:|   /__/\  \__\:\ /__/::::::::\ /__/\  /:/\:\ /__/:/ \__\:\
 /__/::::\   \  \:\ /  /:/ \  \:\~~\~~\/ \  \:\/:/__\/ \  \:\ /  /:/
    ~\~~\:\   \  \:\  /:/   \  \:\  ~~~   \  \::/       \  \:\  /:/
      \  \:\   \  \:\/:/     \  \:\        \  \:\        \  \:\/:/
       \__\/    \  \::/       \  \:\        \  \:\        \  \::/
                 \__\/         \__\/         \__\/         \__\/
2022-11-13 17:17:09.211  INFO 13760 --- [    Test worker] o.e.integration.APIEventIntegrationTest  : Starting APIEventIntegrationTest using Java 17.0.5 on LAPTOP-VJB7E4II with PID 13760 (started by yunho in C:\Users\yunho\Desktop\java-spring\covid)
2022-11-13 17:17:09.211 DEBUG 13760 --- [    Test worker] o.e.integration.APIEventIntegrationTest  : Running with Spring Boot v2.7.5, Spring v5.3.23
2022-11-13 17:17:09.212  INFO 13760 --- [    Test worker] o.e.integration.APIEventIntegrationTest  : No active profile set, falling back to 1 default profile: "default"
2022-11-13 17:17:10.163  INFO 13760 --- [    Test worker] .s.d.r.c.RepositoryConfigurationDelegate : Bootstrapping Spring Data JPA repositories in DEFAULT mode.
2022-11-13 17:17:10.248  INFO 13760 --- [    Test worker] .s.d.r.c.RepositoryConfigurationDelegate : Finished Spring Data repository scanning in 75 ms. Found 1 JPA repository interfaces.
2022-11-13 17:17:11.101  INFO 13760 --- [    Test worker] o.s.b.w.embedded.tomcat.TomcatWebServer  : Tomcat initialized with port(s): 0 (http)
2022-11-13 17:17:11.125  INFO 13760 --- [    Test worker] o.apache.catalina.core.StandardService   : Starting service [Tomcat]
2022-11-13 17:17:11.126  INFO 13760 --- [    Test worker] org.apache.catalina.core.StandardEngine  : Starting Servlet engine: [Apache Tomcat/9.0.68]
2022-11-13 17:17:11.350  INFO 13760 --- [    Test worker] o.a.c.c.C.[Tomcat].[localhost].[/]       : Initializing Spring embedded WebApplicationContext
2022-11-13 17:17:11.350  INFO 13760 --- [    Test worker] w.s.c.ServletWebServerApplicationContext : Root WebApplicationContext: initialization completed in 2134 ms
2022-11-13 17:17:12.103  INFO 13760 --- [    Test worker] com.zaxxer.hikari.HikariDataSource       : HikariPool-1 - Starting...
2022-11-13 17:17:12.544  INFO 13760 --- [    Test worker] com.zaxxer.hikari.HikariDataSource       : HikariPool-1 - Start completed.
2022-11-13 17:17:12.748  INFO 13760 --- [    Test worker] o.hibernate.jpa.internal.util.LogHelper  : HHH000204: Processing PersistenceUnitInfo [name: default]
2022-11-13 17:17:12.903  INFO 13760 --- [    Test worker] org.hibernate.Version                    : HHH000412: Hibernate ORM core version 5.6.12.Final
2022-11-13 17:17:12.988  INFO 13760 --- [    Test worker] o.hibernate.annotations.common.Version   : HCANN000001: Hibernate Commons Annotations {5.1.2.Final}
2022-11-13 17:17:13.328  INFO 13760 --- [    Test worker] org.hibernate.dialect.Dialect            : HHH000400: Using dialect: org.hibernate.dialect.H2Dialect
Hibernate: 
    
    drop table if exists event CASCADE 
Hibernate: 
    
    create table event (
       id bigint generated by default as identity,
        capacity integer,
        create_at timestamp,
        current_number_of_people integer,
        event_end_datetime timestamp,
        event_name varchar(255),
        event_start_datetime timestamp,
        event_status integer,
        meno varchar(255),
        modified_at timestamp,
        place_id bigint,
        primary key (id)
    )
2022-11-13 17:17:14.310  INFO 13760 --- [    Test worker] o.h.e.t.j.p.i.JtaPlatformInitiator       : HHH000490: Using JtaPlatform implementation: [org.hibernate.engine.transaction.jta.platform.internal.NoJtaPlatform]
2022-11-13 17:17:14.327  INFO 13760 --- [    Test worker] j.LocalContainerEntityManagerFactoryBean : Initialized JPA EntityManagerFactory for persistence unit 'default'
2022-11-13 17:17:14.994  WARN 13760 --- [    Test worker] JpaBaseConfiguration$JpaWebConfiguration : spring.jpa.open-in-view is enabled by default. Therefore, database queries may be performed during view rendering. Explicitly configure spring.jpa.open-in-view to disable this warning
2022-11-13 17:17:15.516  INFO 13760 --- [    Test worker] o.s.b.a.w.s.WelcomePageHandlerMapping    : Adding welcome page template: index
2022-11-13 17:17:17.028  INFO 13760 --- [    Test worker] o.a.c.c.C.[Tomcat].[localhost].[/]       : Initializing Spring TestDispatcherServlet ''
2022-11-13 17:17:17.029  INFO 13760 --- [    Test worker] o.s.t.web.servlet.TestDispatcherServlet  : Initializing Servlet ''
2022-11-13 17:17:17.078  INFO 13760 --- [    Test worker] o.s.b.a.e.web.EndpointLinksResolver      : Exposing 13 endpoint(s) beneath base path '/actuator'
2022-11-13 17:17:17.124  INFO 13760 --- [    Test worker] o.s.t.web.servlet.TestDispatcherServlet  : Completed initialization in 95 ms
2022-11-13 17:17:17.233  INFO 13760 --- [    Test worker] o.s.b.w.embedded.tomcat.TomcatWebServer  : Tomcat started on port(s): 65038 (http) with context path ''
2022-11-13 17:17:17.243  INFO 13760 --- [    Test worker] o.e.integration.APIEventIntegrationTest  : Started APIEventIntegrationTest in 8.1 seconds (JVM running for 19.697)

MockHttpServletRequest:
      HTTP Method = GET
      Request URI = /api/events
       Parameters = {placeId=[1], eventName=[운동], eventStatus=[OPENED], eventStartDatetime=[2021-01-01T00:00:00], eventEndDatetime=[2021-01-02T00:00:00]}
          Headers = []
             Body = null
    Session Attrs = {}

Handler:
             Type = org.example.controller.api.APIEventController
           Method = org.example.controller.api.APIEventController#getEvents(Long, String, EventStatus, LocalDateTime, LocalDateTime)

Async:
    Async started = false
     Async result = null

Resolved Exception:
             Type = null

ModelAndView:
        View name = null
             View = null
            Model = null

FlashMap:
       Attributes = null

MockHttpServletResponse:
           Status = 200
    Error message = null
          Headers = [Content-Type:"application/json"]
     Content type = application/json
             Body = {"success":true,"errorCode":0,"message":"ok","data":[]}
    Forwarded URL = null
   Redirected URL = null
          Cookies = []
]]></system-out>
  <system-err><![CDATA[]]></system-err>
</testsuite>
