<?xml version="1.0" encoding="UTF-8"?>
<testsuite name="org.example.dto.APIDataResponseTest" tests="2" skipped="0" failures="0" errors="0" timestamp="2022-11-13T08:17:09" hostname="LAPTOP-VJB7E4II" time="0.001">
  <properties/>
  <testcase name="데이터가 없을때 성공응답 생성" classname="org.example.dto.APIDataResponseTest" time="0.0"/>
  <testcase name="데이터가 있을때 성공응답 생성" classname="org.example.dto.APIDataResponseTest" time="0.0"/>
  <system-out><![CDATA[]]></system-out>
  <system-err><![CDATA[]]></system-err>
</testsuite>
