<?xml version="1.0" encoding="UTF-8"?>
<testsuite name="org.example.controller.EventControllerTest" tests="2" skipped="0" failures="0" errors="0" timestamp="2022-11-05T12:12:04" hostname="LAPTOP-VJB7E4II" time="0.093">
  <properties/>
  <testcase name="[view][GET] 이벤트 리스트 페이지" classname="org.example.controller.EventControllerTest" time="0.076"/>
  <testcase name="[view][GET] 이벤트 세부 정보 페이지" classname="org.example.controller.EventControllerTest" time="0.015"/>
  <system-out><![CDATA[2022-11-05 21:12:04.021  INFO 17924 --- [    Test worker] .b.t.a.w.s.WebMvcTestContextBootstrapper : Neither @ContextConfiguration nor @ContextHierarchy found for test class [org.example.controller.EventControllerTest], using SpringBootContextLoader
2022-11-05 21:12:04.022  INFO 17924 --- [    Test worker] o.s.t.c.support.AbstractContextLoader    : Could not detect default resource locations for test class [org.example.controller.EventControllerTest]: no resource found for suffixes {-context.xml, Context.groovy}.
2022-11-05 21:12:04.022  INFO 17924 --- [    Test worker] t.c.s.AnnotationConfigContextLoaderUtils : Could not detect default configuration classes for test class [org.example.controller.EventControllerTest]: EventControllerTest does not declare any static, non-private, non-final, nested classes annotated with @Configuration.
2022-11-05 21:12:04.026  INFO 17924 --- [    Test worker] .b.t.c.SpringBootTestContextBootstrapper : Found @SpringBootConfiguration org.example.Main for test class org.example.controller.EventControllerTest
2022-11-05 21:12:04.026  INFO 17924 --- [    Test worker] .b.t.a.w.s.WebMvcTestContextBootstrapper : Loaded default TestExecutionListener class names from location [META-INF/spring.factories]: [org.springframework.boot.test.autoconfigure.restdocs.RestDocsTestExecutionListener, org.springframework.boot.test.autoconfigure.web.client.MockRestServiceServerResetTestExecutionListener, org.springframework.boot.test.autoconfigure.web.servlet.MockMvcPrintOnlyOnFailureTestExecutionListener, org.springframework.boot.test.autoconfigure.web.servlet.WebDriverTestExecutionListener, org.springframework.boot.test.autoconfigure.webservices.client.MockWebServiceServerTestExecutionListener, org.springframework.boot.test.mock.mockito.MockitoTestExecutionListener, org.springframework.boot.test.mock.mockito.ResetMocksTestExecutionListener, org.springframework.test.context.web.ServletTestExecutionListener, org.springframework.test.context.support.DirtiesContextBeforeModesTestExecutionListener, org.springframework.test.context.event.ApplicationEventsTestExecutionListener, org.springframework.test.context.support.DependencyInjectionTestExecutionListener, org.springframework.test.context.support.DirtiesContextTestExecutionListener, org.springframework.test.context.transaction.TransactionalTestExecutionListener, org.springframework.test.context.jdbc.SqlScriptsTestExecutionListener, org.springframework.test.context.event.EventPublishingTestExecutionListener]
2022-11-05 21:12:04.027  INFO 17924 --- [    Test worker] .b.t.a.w.s.WebMvcTestContextBootstrapper : Using TestExecutionListeners: [org.springframework.test.context.web.ServletTestExecutionListener@5a51336a, org.springframework.test.context.support.DirtiesContextBeforeModesTestExecutionListener@4d8056bf, org.springframework.test.context.event.ApplicationEventsTestExecutionListener@42211e04, org.springframework.boot.test.mock.mockito.MockitoTestExecutionListener@6233c6c2, org.springframework.boot.test.autoconfigure.SpringBootDependencyInjectionTestExecutionListener@312a738d, org.springframework.test.context.support.DirtiesContextTestExecutionListener@7e50eeb9, org.springframework.test.context.event.EventPublishingTestExecutionListener@34cb0e49, org.springframework.boot.test.autoconfigure.restdocs.RestDocsTestExecutionListener@48b2dbc4, org.springframework.boot.test.autoconfigure.web.client.MockRestServiceServerResetTestExecutionListener@2a667f44, org.springframework.boot.test.autoconfigure.web.servlet.MockMvcPrintOnlyOnFailureTestExecutionListener@53ba7997, org.springframework.boot.test.autoconfigure.web.servlet.WebDriverTestExecutionListener@3f6f9cef, org.springframework.boot.test.autoconfigure.webservices.client.MockWebServiceServerTestExecutionListener@61dd1c3d, org.springframework.boot.test.mock.mockito.ResetMocksTestExecutionListener@7858d31d]
                  ___           ___           ___           ___
      ___        /__/\         /__/\         /__/\         /  /\
     /__/|       \  \:\        \  \:\        \  \:\       /  /::\
    |  |:|        \  \:\        \  \:\        \__\:\     /  /:/\:\
    |  |:|    ___  \  \:\   _____\__\:\   ___ /  /::\   /  /:/  \:\
  __|__|:|   /__/\  \__\:\ /__/::::::::\ /__/\  /:/\:\ /__/:/ \__\:\
 /__/::::\   \  \:\ /  /:/ \  \:\~~\~~\/ \  \:\/:/__\/ \  \:\ /  /:/
    ~\~~\:\   \  \:\  /:/   \  \:\  ~~~   \  \::/       \  \:\  /:/
      \  \:\   \  \:\/:/     \  \:\        \  \:\        \  \:\/:/
       \__\/    \  \::/       \  \:\        \  \:\        \  \::/
                 \__\/         \__\/         \__\/         \__\/
2022-11-05 21:12:04.050  INFO 17924 --- [    Test worker] o.e.controller.EventControllerTest       : Starting EventControllerTest using Java 17.0.5 on LAPTOP-VJB7E4II with PID 17924 (started by yunho in C:\Users\yunho\Desktop\java-spring\covid)
2022-11-05 21:12:04.050  INFO 17924 --- [    Test worker] o.e.controller.EventControllerTest       : No active profile set, falling back to 1 default profile: "default"
2022-11-05 21:12:04.287  INFO 17924 --- [    Test worker] o.s.b.a.w.s.WelcomePageHandlerMapping    : Adding welcome page template: index
2022-11-05 21:12:04.386  INFO 17924 --- [    Test worker] o.s.b.t.m.w.SpringBootMockServletContext : Initializing Spring TestDispatcherServlet ''
2022-11-05 21:12:04.387  INFO 17924 --- [    Test worker] o.s.t.web.servlet.TestDispatcherServlet  : Initializing Servlet ''
2022-11-05 21:12:04.387  INFO 17924 --- [    Test worker] o.s.t.web.servlet.TestDispatcherServlet  : Completed initialization in 0 ms
2022-11-05 21:12:04.396  INFO 17924 --- [    Test worker] o.e.controller.EventControllerTest       : Started EventControllerTest in 0.366 seconds (JVM running for 3.414)
]]></system-out>
  <system-err><![CDATA[]]></system-err>
</testsuite>
