<?xml version="1.0" encoding="UTF-8"?>
<testsuite name="org.example.MainTest" tests="1" skipped="0" failures="0" errors="0" timestamp="2022-11-13T08:16:58" hostname="LAPTOP-VJB7E4II" time="0.051">
  <properties/>
  <testcase name="main()" classname="org.example.MainTest" time="0.051"/>
  <system-out><![CDATA[]]></system-out>
  <system-err><![CDATA[]]></system-err>
</testsuite>
