<?xml version="1.0" encoding="UTF-8"?>
<testsuite name="org.example.controller.api.APIEventControllerTest" tests="8" skipped="0" failures="0" errors="0" timestamp="2022-11-13T08:17:05" hostname="LAPTOP-VJB7E4II" time="0.757">
  <properties/>
  <testcase name="[API][GET] 이벤트 리스트 조회" classname="org.example.controller.api.APIEventControllerTest" time="0.425"/>
  <testcase name="[API][POST] 이벤트 생성 - 잘못된 데이터 입력" classname="org.example.controller.api.APIEventControllerTest" time="0.172"/>
  <testcase name="[API][PUT] 이벤트 변경" classname="org.example.controller.api.APIEventControllerTest" time="0.009"/>
  <testcase name="[API][GET] 단일 이벤트 조회 - 이벤트 있는 경우, 이벤트 데이터를 담은 표준 API 출력" classname="org.example.controller.api.APIEventControllerTest" time="0.016"/>
  <testcase name="[API][DELETE] 이벤트 삭제" classname="org.example.controller.api.APIEventControllerTest" time="0.009"/>
  <testcase name="[API][POST] 이벤트 생성" classname="org.example.controller.api.APIEventControllerTest" time="0.028"/>
  <testcase name="[API][GET] 단일 이벤트 조회 - 이벤트 없는 경우, 빈 표준 API 출력" classname="org.example.controller.api.APIEventControllerTest" time="0.021"/>
  <testcase name="[API][GET] 이벤트 리스트 조회 + 잘못된 검색 파라미터" classname="org.example.controller.api.APIEventControllerTest" time="0.041"/>
  <system-out><![CDATA[2022-11-13 17:17:04.637  INFO 13760 --- [    Test worker] .b.t.a.w.s.WebMvcTestContextBootstrapper : Neither @ContextConfiguration nor @ContextHierarchy found for test class [org.example.controller.api.APIEventControllerTest], using SpringBootContextLoader
2022-11-13 17:17:04.638  INFO 13760 --- [    Test worker] o.s.t.c.support.AbstractContextLoader    : Could not detect default resource locations for test class [org.example.controller.api.APIEventControllerTest]: no resource found for suffixes {-context.xml, Context.groovy}.
2022-11-13 17:17:04.639  INFO 13760 --- [    Test worker] t.c.s.AnnotationConfigContextLoaderUtils : Could not detect default configuration classes for test class [org.example.controller.api.APIEventControllerTest]: APIEventControllerTest does not declare any static, non-private, non-final, nested classes annotated with @Configuration.
2022-11-13 17:17:04.670  INFO 13760 --- [    Test worker] .b.t.c.SpringBootTestContextBootstrapper : Found @SpringBootConfiguration org.example.Main for test class org.example.controller.api.APIEventControllerTest
2022-11-13 17:17:04.671  INFO 13760 --- [    Test worker] .b.t.a.w.s.WebMvcTestContextBootstrapper : Loaded default TestExecutionListener class names from location [META-INF/spring.factories]: [org.springframework.boot.test.autoconfigure.restdocs.RestDocsTestExecutionListener, org.springframework.boot.test.autoconfigure.web.client.MockRestServiceServerResetTestExecutionListener, org.springframework.boot.test.autoconfigure.web.servlet.MockMvcPrintOnlyOnFailureTestExecutionListener, org.springframework.boot.test.autoconfigure.web.servlet.WebDriverTestExecutionListener, org.springframework.boot.test.autoconfigure.webservices.client.MockWebServiceServerTestExecutionListener, org.springframework.boot.test.mock.mockito.MockitoTestExecutionListener, org.springframework.boot.test.mock.mockito.ResetMocksTestExecutionListener, org.springframework.test.context.web.ServletTestExecutionListener, org.springframework.test.context.support.DirtiesContextBeforeModesTestExecutionListener, org.springframework.test.context.event.ApplicationEventsTestExecutionListener, org.springframework.test.context.support.DependencyInjectionTestExecutionListener, org.springframework.test.context.support.DirtiesContextTestExecutionListener, org.springframework.test.context.transaction.TransactionalTestExecutionListener, org.springframework.test.context.jdbc.SqlScriptsTestExecutionListener, org.springframework.test.context.event.EventPublishingTestExecutionListener]
2022-11-13 17:17:04.672  INFO 13760 --- [    Test worker] .b.t.a.w.s.WebMvcTestContextBootstrapper : Using TestExecutionListeners: [org.springframework.test.context.web.ServletTestExecutionListener@fb2c2f3, org.springframework.test.context.support.DirtiesContextBeforeModesTestExecutionListener@148fca83, org.springframework.test.context.event.ApplicationEventsTestExecutionListener@2d2a8819, org.springframework.boot.test.mock.mockito.MockitoTestExecutionListener@72585e83, org.springframework.boot.test.autoconfigure.SpringBootDependencyInjectionTestExecutionListener@6b64bf61, org.springframework.test.context.support.DirtiesContextTestExecutionListener@1d5bb5c, org.springframework.test.context.transaction.TransactionalTestExecutionListener@7846913f, org.springframework.test.context.jdbc.SqlScriptsTestExecutionListener@48da64f2, org.springframework.test.context.event.EventPublishingTestExecutionListener@60b553f, org.springframework.boot.test.autoconfigure.restdocs.RestDocsTestExecutionListener@2aa811f9, org.springframework.boot.test.autoconfigure.web.client.MockRestServiceServerResetTestExecutionListener@66abb2fa, org.springframework.boot.test.autoconfigure.web.servlet.MockMvcPrintOnlyOnFailureTestExecutionListener@7d4da729, org.springframework.boot.test.autoconfigure.web.servlet.WebDriverTestExecutionListener@2133b712, org.springframework.boot.test.autoconfigure.webservices.client.MockWebServiceServerTestExecutionListener@4b7e4d14, org.springframework.boot.test.mock.mockito.ResetMocksTestExecutionListener@70f91ae3]
                  ___           ___           ___           ___
      ___        /__/\         /__/\         /__/\         /  /\
     /__/|       \  \:\        \  \:\        \  \:\       /  /::\
    |  |:|        \  \:\        \  \:\        \__\:\     /  /:/\:\
    |  |:|    ___  \  \:\   _____\__\:\   ___ /  /::\   /  /:/  \:\
  __|__|:|   /__/\  \__\:\ /__/::::::::\ /__/\  /:/\:\ /__/:/ \__\:\
 /__/::::\   \  \:\ /  /:/ \  \:\~~\~~\/ \  \:\/:/__\/ \  \:\ /  /:/
    ~\~~\:\   \  \:\  /:/   \  \:\  ~~~   \  \::/       \  \:\  /:/
      \  \:\   \  \:\/:/     \  \:\        \  \:\        \  \:\/:/
       \__\/    \  \::/       \  \:\        \  \:\        \  \::/
                 \__\/         \__\/         \__\/         \__\/
2022-11-13 17:17:04.720  INFO 13760 --- [    Test worker] o.e.c.api.APIEventControllerTest         : Starting APIEventControllerTest using Java 17.0.5 on LAPTOP-VJB7E4II with PID 13760 (started by yunho in C:\Users\yunho\Desktop\java-spring\covid)
2022-11-13 17:17:04.721 DEBUG 13760 --- [    Test worker] o.e.c.api.APIEventControllerTest         : Running with Spring Boot v2.7.5, Spring v5.3.23
2022-11-13 17:17:04.721  INFO 13760 --- [    Test worker] o.e.c.api.APIEventControllerTest         : No active profile set, falling back to 1 default profile: "default"
2022-11-13 17:17:05.479  INFO 13760 --- [    Test worker] o.s.b.a.w.s.WelcomePageHandlerMapping    : Adding welcome page template: index
2022-11-13 17:17:05.728  INFO 13760 --- [    Test worker] o.s.b.t.m.w.SpringBootMockServletContext : Initializing Spring TestDispatcherServlet ''
2022-11-13 17:17:05.729  INFO 13760 --- [    Test worker] o.s.t.web.servlet.TestDispatcherServlet  : Initializing Servlet ''
2022-11-13 17:17:05.730  INFO 13760 --- [    Test worker] o.s.t.web.servlet.TestDispatcherServlet  : Completed initialization in 1 ms
2022-11-13 17:17:05.754  INFO 13760 --- [    Test worker] o.e.c.api.APIEventControllerTest         : Started APIEventControllerTest in 1.078 seconds (JVM running for 8.208)
2022-11-13 17:17:06.421 DEBUG 13760 --- [    Test worker] o.e.controller.api.APIEventController    : 보고 싶은 값 EventRequest[placeId=1, eventName=오후 운동, eventStatus=OPENED, eventStartDatetime=2021-01-01T13:00, eventEndDatetime=2021-01-01T16:00, currentNumberOfPeople=0, capacity=24, meno=마스크 꼭 착용하세요]
]]></system-out>
  <system-err><![CDATA[]]></system-err>
</testsuite>
