<?xml version="1.0" encoding="UTF-8"?>
<testsuite name="org.example.integration.EventServiceSociableTest" tests="1" skipped="0" failures="0" errors="0" timestamp="2022-11-13T08:17:20" hostname="LAPTOP-VJB7E4II" time="0.01">
  <properties/>
  <testcase name="검색 조건없이 이벤트 검색하면 전체 결과를 출력해서 보내줌" classname="org.example.integration.EventServiceSociableTest" time="0.01"/>
  <system-out><![CDATA[2022-11-13 17:17:17.407  INFO 13760 --- [    Test worker] .b.t.c.SpringBootTestContextBootstrapper : Neither @ContextConfiguration nor @ContextHierarchy found for test class [org.example.integration.EventServiceSociableTest], using SpringBootContextLoader
2022-11-13 17:17:17.409  INFO 13760 --- [    Test worker] o.s.t.c.support.AbstractContextLoader    : Could not detect default resource locations for test class [org.example.integration.EventServiceSociableTest]: no resource found for suffixes {-context.xml, Context.groovy}.
2022-11-13 17:17:17.410  INFO 13760 --- [    Test worker] t.c.s.AnnotationConfigContextLoaderUtils : Could not detect default configuration classes for test class [org.example.integration.EventServiceSociableTest]: EventServiceSociableTest does not declare any static, non-private, non-final, nested classes annotated with @Configuration.
2022-11-13 17:17:17.414  INFO 13760 --- [    Test worker] .b.t.c.SpringBootTestContextBootstrapper : Found @SpringBootConfiguration org.example.Main for test class org.example.integration.EventServiceSociableTest
2022-11-13 17:17:17.417  INFO 13760 --- [    Test worker] .b.t.c.SpringBootTestContextBootstrapper : Loaded default TestExecutionListener class names from location [META-INF/spring.factories]: [org.springframework.boot.test.autoconfigure.restdocs.RestDocsTestExecutionListener, org.springframework.boot.test.autoconfigure.web.client.MockRestServiceServerResetTestExecutionListener, org.springframework.boot.test.autoconfigure.web.servlet.MockMvcPrintOnlyOnFailureTestExecutionListener, org.springframework.boot.test.autoconfigure.web.servlet.WebDriverTestExecutionListener, org.springframework.boot.test.autoconfigure.webservices.client.MockWebServiceServerTestExecutionListener, org.springframework.boot.test.mock.mockito.MockitoTestExecutionListener, org.springframework.boot.test.mock.mockito.ResetMocksTestExecutionListener, org.springframework.test.context.web.ServletTestExecutionListener, org.springframework.test.context.support.DirtiesContextBeforeModesTestExecutionListener, org.springframework.test.context.event.ApplicationEventsTestExecutionListener, org.springframework.test.context.support.DependencyInjectionTestExecutionListener, org.springframework.test.context.support.DirtiesContextTestExecutionListener, org.springframework.test.context.transaction.TransactionalTestExecutionListener, org.springframework.test.context.jdbc.SqlScriptsTestExecutionListener, org.springframework.test.context.event.EventPublishingTestExecutionListener]
2022-11-13 17:17:17.417  INFO 13760 --- [    Test worker] .b.t.c.SpringBootTestContextBootstrapper : Using TestExecutionListeners: [org.springframework.test.context.web.ServletTestExecutionListener@591ae3dd, org.springframework.test.context.support.DirtiesContextBeforeModesTestExecutionListener@20a4f67a, org.springframework.test.context.event.ApplicationEventsTestExecutionListener@66a2bc61, org.springframework.boot.test.mock.mockito.MockitoTestExecutionListener@21471ca8, org.springframework.boot.test.autoconfigure.SpringBootDependencyInjectionTestExecutionListener@2fcd0756, org.springframework.test.context.support.DirtiesContextTestExecutionListener@285d33f3, org.springframework.test.context.transaction.TransactionalTestExecutionListener@5b6fd32d, org.springframework.test.context.jdbc.SqlScriptsTestExecutionListener@425436b4, org.springframework.test.context.event.EventPublishingTestExecutionListener@5e47e1f, org.springframework.boot.test.autoconfigure.restdocs.RestDocsTestExecutionListener@446717fb, org.springframework.boot.test.autoconfigure.web.client.MockRestServiceServerResetTestExecutionListener@613452e1, org.springframework.boot.test.autoconfigure.web.servlet.MockMvcPrintOnlyOnFailureTestExecutionListener@23639e5, org.springframework.boot.test.autoconfigure.web.servlet.WebDriverTestExecutionListener@2404ab3a, org.springframework.boot.test.autoconfigure.webservices.client.MockWebServiceServerTestExecutionListener@58a0b88e, org.springframework.boot.test.mock.mockito.ResetMocksTestExecutionListener@1b404a21]
                  ___           ___           ___           ___
      ___        /__/\         /__/\         /__/\         /  /\
     /__/|       \  \:\        \  \:\        \  \:\       /  /::\
    |  |:|        \  \:\        \  \:\        \__\:\     /  /:/\:\
    |  |:|    ___  \  \:\   _____\__\:\   ___ /  /::\   /  /:/  \:\
  __|__|:|   /__/\  \__\:\ /__/::::::::\ /__/\  /:/\:\ /__/:/ \__\:\
 /__/::::\   \  \:\ /  /:/ \  \:\~~\~~\/ \  \:\/:/__\/ \  \:\ /  /:/
    ~\~~\:\   \  \:\  /:/   \  \:\  ~~~   \  \::/       \  \:\  /:/
      \  \:\   \  \:\/:/     \  \:\        \  \:\        \  \:\/:/
       \__\/    \  \::/       \  \:\        \  \:\        \  \::/
                 \__\/         \__\/         \__\/         \__\/
2022-11-13 17:17:17.459  INFO 13760 --- [    Test worker] o.e.i.EventServiceSociableTest           : Starting EventServiceSociableTest using Java 17.0.5 on LAPTOP-VJB7E4II with PID 13760 (started by yunho in C:\Users\yunho\Desktop\java-spring\covid)
2022-11-13 17:17:17.460 DEBUG 13760 --- [    Test worker] o.e.i.EventServiceSociableTest           : Running with Spring Boot v2.7.5, Spring v5.3.23
2022-11-13 17:17:17.460  INFO 13760 --- [    Test worker] o.e.i.EventServiceSociableTest           : No active profile set, falling back to 1 default profile: "default"
2022-11-13 17:17:18.014  INFO 13760 --- [    Test worker] .s.d.r.c.RepositoryConfigurationDelegate : Bootstrapping Spring Data JPA repositories in DEFAULT mode.
2022-11-13 17:17:18.043  INFO 13760 --- [    Test worker] .s.d.r.c.RepositoryConfigurationDelegate : Finished Spring Data repository scanning in 28 ms. Found 1 JPA repository interfaces.
2022-11-13 17:17:18.242  INFO 13760 --- [    Test worker] com.zaxxer.hikari.HikariDataSource       : HikariPool-2 - Starting...
2022-11-13 17:17:18.248  INFO 13760 --- [    Test worker] com.zaxxer.hikari.HikariDataSource       : HikariPool-2 - Start completed.
2022-11-13 17:17:18.282  INFO 13760 --- [    Test worker] o.hibernate.jpa.internal.util.LogHelper  : HHH000204: Processing PersistenceUnitInfo [name: default]
2022-11-13 17:17:18.291  INFO 13760 --- [    Test worker] org.hibernate.dialect.Dialect            : HHH000400: Using dialect: org.hibernate.dialect.H2Dialect
Hibernate: 
    
    drop table if exists event CASCADE 
Hibernate: 
    
    create table event (
       id bigint generated by default as identity,
        capacity integer,
        create_at timestamp,
        current_number_of_people integer,
        event_end_datetime timestamp,
        event_name varchar(255),
        event_start_datetime timestamp,
        event_status integer,
        meno varchar(255),
        modified_at timestamp,
        place_id bigint,
        primary key (id)
    )
2022-11-13 17:17:18.347  INFO 13760 --- [    Test worker] o.h.e.t.j.p.i.JtaPlatformInitiator       : HHH000490: Using JtaPlatform implementation: [org.hibernate.engine.transaction.jta.platform.internal.NoJtaPlatform]
2022-11-13 17:17:18.348  INFO 13760 --- [    Test worker] j.LocalContainerEntityManagerFactoryBean : Initialized JPA EntityManagerFactory for persistence unit 'default'
2022-11-13 17:17:18.631  WARN 13760 --- [    Test worker] JpaBaseConfiguration$JpaWebConfiguration : spring.jpa.open-in-view is enabled by default. Therefore, database queries may be performed during view rendering. Explicitly configure spring.jpa.open-in-view to disable this warning
2022-11-13 17:17:19.033  INFO 13760 --- [    Test worker] o.s.b.a.w.s.WelcomePageHandlerMapping    : Adding welcome page template: index
2022-11-13 17:17:20.027  INFO 13760 --- [    Test worker] o.s.b.a.e.web.EndpointLinksResolver      : Exposing 13 endpoint(s) beneath base path '/actuator'
2022-11-13 17:17:20.127  INFO 13760 --- [    Test worker] o.e.i.EventServiceSociableTest           : Started EventServiceSociableTest in 2.705 seconds (JVM running for 22.581)
]]></system-out>
  <system-err><![CDATA[]]></system-err>
</testsuite>
